androidApp/build/intermediates/manifest_merge_blame_file/fossDebug/processFossDebugMainManifest/manifest-merger-blame-foss-debug-report.txt
1<?xml version="1.0" encoding="utf-8"?>
2<manifest xmlns:android="http://schemas.android.com/apk/res/android"
3    package="com.inspiredandroid.kai"
4    android:versionCode="114"
5    android:versionName="3.0.0" >
6
7    <uses-sdk
7-->INJECTED
8        android:minSdkVersion="26"
8-->INJECTED
9        android:targetSdkVersion="37" />
9-->INJECTED
10
11    <!--
12      SMS read/send are opt-in, FOSS-only features. These permissions are intentionally
13      declared only in the `foss` product flavor so the Play Store variant never
14      requests them (Play policy restricts READ_SMS and SEND_SMS to default SMS
15      handlers). The SMS feature gates itself at runtime on READ_SMS being declared
16      in the merged manifest, so the Play variant never shows the feature at all.
17      Read and send are independent user opt-ins at runtime.
18    -->
19    <uses-permission android:name="android.permission.READ_SMS" />
19-->src/foss/AndroidManifest.xml:12:5-66
19-->src/foss/AndroidManifest.xml:12:22-64
20    <uses-permission android:name="android.permission.SEND_SMS" />
20-->src/foss/AndroidManifest.xml:13:5-66
20-->src/foss/AndroidManifest.xml:13:22-64
21
22    <!--
23      Lets the user tap an .apk in the sandbox file browser and hand it to the system
24      package installer. FOSS-only for the same reason as the permissions above: Play
25      policy restricts REQUEST_INSTALL_PACKAGES to app stores, file managers and
26      browsers and requires a separate console declaration. The sandbox file browser
27      checks the merged manifest at runtime, so the Play variant reports that opening
28      an apk is unsupported instead of dead-ending in the installer.
29    -->
30    <uses-permission android:name="android.permission.REQUEST_INSTALL_PACKAGES" />
30-->src/foss/AndroidManifest.xml:23:5-82
30-->src/foss/AndroidManifest.xml:23:22-80
31    <uses-permission android:name="android.permission.INTERNET" />
31-->src/main/AndroidManifest.xml:4:4-65
31-->src/main/AndroidManifest.xml:4:21-63
32    <!--
33 Android 17+ blocks LAN traffic for apps targeting SDK 37+ without this runtime
34        permission; required to reach self-hosted servers (Jan, Ollama, LM Studio, ...).
35    -->
36    <uses-permission android:name="android.permission.ACCESS_LOCAL_NETWORK" />
36-->src/main/AndroidManifest.xml:7:4-77
36-->src/main/AndroidManifest.xml:7:21-75
37    <uses-permission android:name="android.permission.READ_CALENDAR" />
37-->src/main/AndroidManifest.xml:8:4-70
37-->src/main/AndroidManifest.xml:8:21-68
38    <uses-permission android:name="android.permission.WRITE_CALENDAR" />
38-->src/main/AndroidManifest.xml:9:4-71
38-->src/main/AndroidManifest.xml:9:21-69
39    <uses-permission android:name="android.permission.POST_NOTIFICATIONS" />
39-->src/main/AndroidManifest.xml:10:4-75
39-->src/main/AndroidManifest.xml:10:21-73
40    <uses-permission android:name="com.android.alarm.permission.SET_ALARM" />
40-->src/main/AndroidManifest.xml:11:4-76
40-->src/main/AndroidManifest.xml:11:21-74
41    <uses-permission android:name="android.permission.FOREGROUND_SERVICE" />
41-->src/main/AndroidManifest.xml:12:4-75
41-->src/main/AndroidManifest.xml:12:21-73
42    <uses-permission android:name="android.permission.FOREGROUND_SERVICE_DATA_SYNC" />
42-->src/main/AndroidManifest.xml:13:4-85
42-->src/main/AndroidManifest.xml:13:21-83
43
44    <permission
44-->[androidx.core:core:1.18.0] AndroidManifest.xml:22:5-24:47
45        android:name="com.inspiredandroid.kai.DYNAMIC_RECEIVER_NOT_EXPORTED_PERMISSION"
45-->[androidx.core:core:1.18.0] AndroidManifest.xml:23:9-81
46        android:protectionLevel="signature" />
46-->[androidx.core:core:1.18.0] AndroidManifest.xml:24:9-44
47
48    <uses-permission android:name="com.inspiredandroid.kai.DYNAMIC_RECEIVER_NOT_EXPORTED_PERMISSION" />
48-->[androidx.core:core:1.18.0] AndroidManifest.xml:26:5-97
48-->[androidx.core:core:1.18.0] AndroidManifest.xml:26:22-94
49
50    <queries>
50-->[nl.marc-apps:tts-android:3.0.0] AndroidManifest.xml:7:5-11:15
51        <intent>
51-->[nl.marc-apps:tts-android:3.0.0] AndroidManifest.xml:8:9-10:18
52            <action android:name="android.intent.action.TTS_SERVICE" />
52-->[nl.marc-apps:tts-android:3.0.0] AndroidManifest.xml:9:13-72
52-->[nl.marc-apps:tts-android:3.0.0] AndroidManifest.xml:9:21-69
53        </intent>
54    </queries>
55
56    <uses-permission android:name="android.permission.WRITE_EXTERNAL_STORAGE" />
57    <uses-permission android:name="android.permission.READ_PHONE_STATE" />
58    <uses-permission android:name="android.permission.READ_EXTERNAL_STORAGE" />
59    <!--
60      Notification reading is FOSS-only for the same reason as SMS: Play Store policy
61      restricts BIND_NOTIFICATION_LISTENER_SERVICE to a narrow set of approved use
62      cases. The feature gates itself at runtime by probing for the listener service
63      in the merged manifest, so the Play variant never shows the feature at all.
64    -->
65    <application
65-->src/main/AndroidManifest.xml:15:5-62:19
66        android:name="com.inspiredandroid.kai.KaiApplication"
66-->src/main/AndroidManifest.xml:16:9-62
67        android:allowBackup="true"
67-->src/main/AndroidManifest.xml:17:9-35
68        android:appComponentFactory="androidx.core.app.CoreComponentFactory"
68-->[androidx.core:core:1.18.0] AndroidManifest.xml:28:18-86
69        android:dataExtractionRules="@xml/data_extraction_rules"
69-->src/main/AndroidManifest.xml:19:9-65
70        android:debuggable="true"
71        android:extractNativeLibs="true"
71-->INJECTED
72        android:fullBackupContent="@xml/backup_rules"
72-->src/main/AndroidManifest.xml:18:9-54
73        android:icon="@drawable/ic_launcher"
73-->src/main/AndroidManifest.xml:20:9-45
74        android:label="@string/app_name"
74-->src/main/AndroidManifest.xml:21:9-41
75        android:localeConfig="@xml/locales_config"
75-->src/main/AndroidManifest.xml:24:9-51
76        android:networkSecurityConfig="@xml/network_security_config"
76-->src/main/AndroidManifest.xml:25:9-69
77        android:supportsRtl="true"
77-->src/main/AndroidManifest.xml:22:9-35
78        android:theme="@style/AppTheme" >
78-->src/main/AndroidManifest.xml:23:9-40
79        <service
79-->src/foss/AndroidManifest.xml:32:9-40:19
80            android:name="com.inspiredandroid.kai.notifications.KaiNotificationListenerService"
80-->src/foss/AndroidManifest.xml:33:13-96
81            android:exported="true"
81-->src/foss/AndroidManifest.xml:34:13-36
82            android:label="@string/app_name"
82-->src/foss/AndroidManifest.xml:35:13-45
83            android:permission="android.permission.BIND_NOTIFICATION_LISTENER_SERVICE" >
83-->src/foss/AndroidManifest.xml:36:13-87
84            <intent-filter>
84-->src/foss/AndroidManifest.xml:37:13-39:29
85                <action android:name="android.service.notification.NotificationListenerService" />
85-->src/foss/AndroidManifest.xml:38:17-99
85-->src/foss/AndroidManifest.xml:38:25-96
86            </intent-filter>
87        </service>
88
89        <activity
89-->src/main/AndroidManifest.xml:26:9-42:20
90            android:name="com.inspiredandroid.kai.MainActivity"
90-->src/main/AndroidManifest.xml:29:13-64
91            android:configChanges="orientation|screenSize|screenLayout|keyboardHidden|mnc|colorMode|density|fontScale|fontWeightAdjustment|keyboard|layoutDirection|locale|mcc|navigation|smallestScreenSize|touchscreen|uiMode"
91-->src/main/AndroidManifest.xml:28:13-225
92            android:exported="true"
92-->src/main/AndroidManifest.xml:27:13-36
93            android:launchMode="singleTop"
93-->src/main/AndroidManifest.xml:30:13-43
94            android:windowSoftInputMode="adjustResize" >
94-->src/main/AndroidManifest.xml:31:13-55
95            <intent-filter>
95-->src/main/AndroidManifest.xml:32:13-36:29
96                <action android:name="android.intent.action.MAIN" />
96-->src/main/AndroidManifest.xml:33:17-69
96-->src/main/AndroidManifest.xml:33:25-66
97
98                <category android:name="android.intent.category.LAUNCHER" />
98-->src/main/AndroidManifest.xml:35:17-77
98-->src/main/AndroidManifest.xml:35:27-74
99            </intent-filter>
100            <intent-filter>
100-->src/main/AndroidManifest.xml:37:13-41:29
101                <action android:name="android.intent.action.ASSIST" />
101-->src/main/AndroidManifest.xml:38:17-71
101-->src/main/AndroidManifest.xml:38:25-68
102
103                <category android:name="android.intent.category.DEFAULT" />
103-->src/main/AndroidManifest.xml:40:17-76
103-->src/main/AndroidManifest.xml:40:27-73
104            </intent-filter>
105        </activity>
106
107        <provider
107-->INJECTED
108            android:name="androidx.core.content.FileProvider"
109            android:authorities="com.inspiredandroid.kai.fileprovider"
109-->INJECTED
110            android:exported="false"
111            android:grantUriPermissions="true" >
112            <meta-data
112-->[io.github.vinceglb:filekit-dialogs-android:0.15.0] AndroidManifest.xml:14:13-16:62
113                android:name="android.support.FILE_PROVIDER_PATHS"
113-->[io.github.vinceglb:filekit-dialogs-android:0.15.0] AndroidManifest.xml:15:17-67
114                android:resource="@xml/file_paths" />
114-->[io.github.vinceglb:filekit-dialogs-android:0.15.0] AndroidManifest.xml:16:17-59
115        </provider>
116
117        <service
117-->src/main/AndroidManifest.xml:52:9-55:56
118            android:name="com.inspiredandroid.kai.DaemonService"
118-->src/main/AndroidManifest.xml:53:13-65
119            android:exported="false"
119-->src/main/AndroidManifest.xml:54:13-37
120            android:foregroundServiceType="dataSync" />
120-->src/main/AndroidManifest.xml:55:13-53
121        <service
121-->src/main/AndroidManifest.xml:56:9-59:56
122            android:name="com.inspiredandroid.kai.inference.ModelDownloadService"
122-->src/main/AndroidManifest.xml:57:13-82
123            android:exported="false"
123-->src/main/AndroidManifest.xml:58:13-37
124            android:foregroundServiceType="dataSync" />
124-->src/main/AndroidManifest.xml:59:13-53
125
126        <uses-native-library
126-->src/main/AndroidManifest.xml:60:9-89
127            android:name="libvndksupport.so"
127-->src/main/AndroidManifest.xml:60:30-62
128            android:required="false" />
128-->src/main/AndroidManifest.xml:60:63-87
129        <uses-native-library
129-->src/main/AndroidManifest.xml:60:9-89
130            android:name="libOpenCL.so"
130-->src/main/AndroidManifest.xml:60:30-62
131            android:required="false" />
131-->src/main/AndroidManifest.xml:60:63-87
132
133        <provider
133-->[io.github.vinceglb:filekit-dialogs-android:0.15.0] AndroidManifest.xml:9:9-17:20
134            android:name="io.github.vinceglb.filekit.dialogs.fileprovider.FileKitFileProvider"
134-->[io.github.vinceglb:filekit-dialogs-android:0.15.0] AndroidManifest.xml:10:13-95
135            android:authorities="com.inspiredandroid.kai.FileKitFileProvider"
135-->[io.github.vinceglb:filekit-dialogs-android:0.15.0] AndroidManifest.xml:11:13-71
136            android:exported="false"
136-->[io.github.vinceglb:filekit-dialogs-android:0.15.0] AndroidManifest.xml:12:13-37
137            android:grantUriPermissions="true" >
137-->[io.github.vinceglb:filekit-dialogs-android:0.15.0] AndroidManifest.xml:13:13-47
138            <meta-data
138-->[io.github.vinceglb:filekit-dialogs-android:0.15.0] AndroidManifest.xml:14:13-16:62
139                android:name="android.support.FILE_PROVIDER_PATHS"
139-->[io.github.vinceglb:filekit-dialogs-android:0.15.0] AndroidManifest.xml:15:17-67
140                android:resource="@xml/filekit_file_paths" />
140-->[io.github.vinceglb:filekit-dialogs-android:0.15.0] AndroidManifest.xml:16:17-59
141        </provider> <!-- Trigger Google Play services to install the backported photo picker module. -->
142        <service
142-->[io.github.vinceglb:filekit-dialogs-android:0.15.0] AndroidManifest.xml:20:9-32:19
143            android:name="com.google.android.gms.metadata.ModuleDependencies"
143-->[io.github.vinceglb:filekit-dialogs-android:0.15.0] AndroidManifest.xml:21:13-78
144            android:enabled="false"
144-->[io.github.vinceglb:filekit-dialogs-android:0.15.0] AndroidManifest.xml:22:13-36
145            android:exported="false" >
145-->[io.github.vinceglb:filekit-dialogs-android:0.15.0] AndroidManifest.xml:23:13-37
146            <intent-filter>
146-->[io.github.vinceglb:filekit-dialogs-android:0.15.0] AndroidManifest.xml:25:13-27:29
147                <action android:name="com.google.android.gms.metadata.MODULE_DEPENDENCIES" />
147-->[io.github.vinceglb:filekit-dialogs-android:0.15.0] AndroidManifest.xml:26:17-94
147-->[io.github.vinceglb:filekit-dialogs-android:0.15.0] AndroidManifest.xml:26:25-91
148            </intent-filter>
149
150            <meta-data
150-->[io.github.vinceglb:filekit-dialogs-android:0.15.0] AndroidManifest.xml:29:13-31:36
151                android:name="photopicker_activity:0:required"
151-->[io.github.vinceglb:filekit-dialogs-android:0.15.0] AndroidManifest.xml:30:17-63
152                android:value="" />
152-->[io.github.vinceglb:filekit-dialogs-android:0.15.0] AndroidManifest.xml:31:17-33
153        </service>
154
155        <provider
155-->[org.jetbrains.compose.components:components-resources-android:1.11.1] AndroidManifest.xml:8:9-13:20
156            android:name="org.jetbrains.compose.resources.AndroidContextProvider"
156-->[org.jetbrains.compose.components:components-resources-android:1.11.1] AndroidManifest.xml:9:13-82
157            android:authorities="com.inspiredandroid.kai.resources.AndroidContextProvider"
157-->[org.jetbrains.compose.components:components-resources-android:1.11.1] AndroidManifest.xml:10:13-84
158            android:enabled="true"
158-->[org.jetbrains.compose.components:components-resources-android:1.11.1] AndroidManifest.xml:11:13-35
159            android:exported="false" >
159-->[org.jetbrains.compose.components:components-resources-android:1.11.1] AndroidManifest.xml:12:13-37
160        </provider>
161
162        <activity
162-->[androidx.compose.ui:ui-tooling-android:1.12.0] AndroidManifest.xml:23:9-25:39
163            android:name="androidx.compose.ui.tooling.PreviewActivity"
163-->[androidx.compose.ui:ui-tooling-android:1.12.0] AndroidManifest.xml:24:13-71
164            android:exported="true" />
164-->[androidx.compose.ui:ui-tooling-android:1.12.0] AndroidManifest.xml:25:13-36
165
166        <provider
166-->[io.github.vinceglb:filekit-core-android:0.15.0] AndroidManifest.xml:9:9-17:20
167            android:name="androidx.startup.InitializationProvider"
167-->[io.github.vinceglb:filekit-core-android:0.15.0] AndroidManifest.xml:10:13-67
168            android:authorities="com.inspiredandroid.kai.androidx-startup"
168-->[io.github.vinceglb:filekit-core-android:0.15.0] AndroidManifest.xml:11:13-68
169            android:exported="false" >
169-->[io.github.vinceglb:filekit-core-android:0.15.0] AndroidManifest.xml:12:13-37
170            <meta-data
170-->[io.github.vinceglb:filekit-core-android:0.15.0] AndroidManifest.xml:14:13-16:52
171                android:name="io.github.vinceglb.filekit.initializer.FileKitInitializer"
171-->[io.github.vinceglb:filekit-core-android:0.15.0] AndroidManifest.xml:15:17-89
172                android:value="androidx.startup" />
172-->[io.github.vinceglb:filekit-core-android:0.15.0] AndroidManifest.xml:16:17-49
173            <meta-data
173-->[androidx.emoji2:emoji2:1.4.0] AndroidManifest.xml:29:13-31:52
174                android:name="androidx.emoji2.text.EmojiCompatInitializer"
174-->[androidx.emoji2:emoji2:1.4.0] AndroidManifest.xml:30:17-75
175                android:value="androidx.startup" />
175-->[androidx.emoji2:emoji2:1.4.0] AndroidManifest.xml:31:17-49
176            <meta-data
176-->[androidx.lifecycle:lifecycle-process:2.11.0] AndroidManifest.xml:29:13-31:52
177                android:name="androidx.lifecycle.ProcessLifecycleInitializer"
177-->[androidx.lifecycle:lifecycle-process:2.11.0] AndroidManifest.xml:30:17-78
178                android:value="androidx.startup" />
178-->[androidx.lifecycle:lifecycle-process:2.11.0] AndroidManifest.xml:31:17-49
179            <meta-data
179-->[com.russhwolf:multiplatform-settings-no-arg-android-debug:1.3.0] AndroidManifest.xml:29:13-31:52
180                android:name="com.russhwolf.settings.SettingsInitializer"
180-->[com.russhwolf:multiplatform-settings-no-arg-android-debug:1.3.0] AndroidManifest.xml:30:17-74
181                android:value="androidx.startup" />
181-->[com.russhwolf:multiplatform-settings-no-arg-android-debug:1.3.0] AndroidManifest.xml:31:17-49
182            <meta-data
182-->[com.squareup.okhttp3:okhttp-android:5.3.2] AndroidManifest.xml:16:13-18:52
183                android:name="okhttp3.internal.platform.PlatformInitializer"
183-->[com.squareup.okhttp3:okhttp-android:5.3.2] AndroidManifest.xml:17:17-77
184                android:value="androidx.startup" />
184-->[com.squareup.okhttp3:okhttp-android:5.3.2] AndroidManifest.xml:18:17-49
185            <meta-data
185-->[androidx.profileinstaller:profileinstaller:1.4.1] AndroidManifest.xml:29:13-31:52
186                android:name="androidx.profileinstaller.ProfileInstallerInitializer"
186-->[androidx.profileinstaller:profileinstaller:1.4.1] AndroidManifest.xml:30:17-85
187                android:value="androidx.startup" />
187-->[androidx.profileinstaller:profileinstaller:1.4.1] AndroidManifest.xml:31:17-49
188        </provider>
189
190        <uses-library
190-->[androidx.window:window:1.5.0] AndroidManifest.xml:23:9-25:40
191            android:name="androidx.window.extensions"
191-->[androidx.window:window:1.5.0] AndroidManifest.xml:24:13-54
192            android:required="false" />
192-->[androidx.window:window:1.5.0] AndroidManifest.xml:25:13-37
193        <uses-library
193-->[androidx.window:window:1.5.0] AndroidManifest.xml:26:9-28:40
194            android:name="androidx.window.sidecar"
194-->[androidx.window:window:1.5.0] AndroidManifest.xml:27:13-51
195            android:required="false" />
195-->[androidx.window:window:1.5.0] AndroidManifest.xml:28:13-37
196
197        <receiver
197-->[androidx.profileinstaller:profileinstaller:1.4.1] AndroidManifest.xml:34:9-52:20
198            android:name="androidx.profileinstaller.ProfileInstallReceiver"
198-->[androidx.profileinstaller:profileinstaller:1.4.1] AndroidManifest.xml:35:13-76
199            android:directBootAware="false"
199-->[androidx.profileinstaller:profileinstaller:1.4.1] AndroidManifest.xml:36:13-44
200            android:enabled="true"
200-->[androidx.profileinstaller:profileinstaller:1.4.1] AndroidManifest.xml:37:13-35
201            android:exported="true"
201-->[androidx.profileinstaller:profileinstaller:1.4.1] AndroidManifest.xml:38:13-36
202            android:permission="android.permission.DUMP" >
202-->[androidx.profileinstaller:profileinstaller:1.4.1] AndroidManifest.xml:39:13-57
203            <intent-filter>
203-->[androidx.profileinstaller:profileinstaller:1.4.1] AndroidManifest.xml:40:13-42:29
204                <action android:name="androidx.profileinstaller.action.INSTALL_PROFILE" />
204-->[androidx.profileinstaller:profileinstaller:1.4.1] AndroidManifest.xml:41:17-91
204-->[androidx.profileinstaller:profileinstaller:1.4.1] AndroidManifest.xml:41:25-88
205            </intent-filter>
206            <intent-filter>
206-->[androidx.profileinstaller:profileinstaller:1.4.1] AndroidManifest.xml:43:13-45:29
207                <action android:name="androidx.profileinstaller.action.SKIP_FILE" />
207-->[androidx.profileinstaller:profileinstaller:1.4.1] AndroidManifest.xml:44:17-85
207-->[androidx.profileinstaller:profileinstaller:1.4.1] AndroidManifest.xml:44:25-82
208            </intent-filter>
209            <intent-filter>
209-->[androidx.profileinstaller:profileinstaller:1.4.1] AndroidManifest.xml:46:13-48:29
210                <action android:name="androidx.profileinstaller.action.SAVE_PROFILE" />
210-->[androidx.profileinstaller:profileinstaller:1.4.1] AndroidManifest.xml:47:17-88
210-->[androidx.profileinstaller:profileinstaller:1.4.1] AndroidManifest.xml:47:25-85
211            </intent-filter>
212            <intent-filter>
212-->[androidx.profileinstaller:profileinstaller:1.4.1] AndroidManifest.xml:49:13-51:29
213                <action android:name="androidx.profileinstaller.action.BENCHMARK_OPERATION" />
213-->[androidx.profileinstaller:profileinstaller:1.4.1] AndroidManifest.xml:50:17-95
213-->[androidx.profileinstaller:profileinstaller:1.4.1] AndroidManifest.xml:50:25-92
214            </intent-filter>
215        </receiver>
216    </application>
217
218</manifest>